2024-12-04 22:16:46 [Vendor-3] INFO  org.example.Vendor - V003 released a ticket. Total released by this vendor: 0. Total tickets overall: 3
2024-12-04 22:16:46 [Customer-2] INFO  org.example.Customer - Customer-2 trying to purchase a ticket
2024-12-04 22:16:46 [Customer-4] INFO  org.example.Customer - Customer-4 trying to purchase a ticket
2024-12-04 22:16:46 [Customer-3] INFO  org.example.Customer - Customer-3 trying to purchase a ticket
2024-12-04 22:16:46 [Customer-1] INFO  org.example.Customer - Customer-1 trying to purchase a ticket
2024-12-04 22:16:46 [Customer-5] INFO  org.example.Customer - Customer-5 trying to purchase a ticket
2024-12-04 22:16:46 [Vendor-1] INFO  org.example.Vendor - V001 released a ticket. Total released by this vendor: 0. Total tickets overall: 3
2024-12-04 22:16:46 [Vendor-2] INFO  org.example.Vendor - V002 released a ticket. Total released by this vendor: 0. Total tickets overall: 3
2024-12-04 22:16:46 [Vendor-3] INFO  org.example.TicketPool - Ticket{ticketId=2, eventName='Simple Event', ticketPrice=1000} added to ticket pool by Vendor-3
2024-12-04 22:16:46 [Customer-2] INFO  org.example.TicketPool - Ticket{ticketId=2, eventName='Simple Event', ticketPrice=1000} purchased by Customer-2
2024-12-04 22:16:46 [Vendor-1] INFO  org.example.TicketPool - Ticket{ticketId=3, eventName='Simple Event', ticketPrice=1000} added to ticket pool by Vendor-1
2024-12-04 22:16:46 [Vendor-2] INFO  org.example.TicketPool - Ticket{ticketId=1, eventName='Simple Event', ticketPrice=1000} added to ticket pool by Vendor-2
2024-12-04 22:16:46 [Customer-4] INFO  org.example.TicketPool - Ticket{ticketId=3, eventName='Simple Event', ticketPrice=1000} purchased by Customer-4
2024-12-04 22:16:46 [Customer-3] INFO  org.example.TicketPool - Ticket{ticketId=1, eventName='Simple Event', ticketPrice=1000} purchased by Customer-3
2024-12-04 22:16:47 [Vendor-3] INFO  org.example.Vendor - V003 released a ticket. Total released by this vendor: 1. Total tickets overall: 4
2024-12-04 22:16:47 [Vendor-3] INFO  org.example.TicketPool - Ticket{ticketId=4, eventName='Simple Event', ticketPrice=1000} added to ticket pool by Vendor-3
2024-12-04 22:16:47 [Vendor-2] INFO  org.example.Vendor - V002 released a ticket. Total released by this vendor: 1. Total tickets overall: 6
2024-12-04 22:16:47 [Customer-1] INFO  org.example.TicketPool - Ticket{ticketId=4, eventName='Simple Event', ticketPrice=1000} purchased by Customer-1
2024-12-04 22:16:47 [Vendor-1] INFO  org.example.Vendor - V001 released a ticket. Total released by this vendor: 1. Total tickets overall: 6
2024-12-04 22:16:47 [Vendor-2] INFO  org.example.TicketPool - Ticket{ticketId=6, eventName='Simple Event', ticketPrice=1000} added to ticket pool by Vendor-2
2024-12-04 22:16:47 [Vendor-1] INFO  org.example.TicketPool - Ticket{ticketId=5, eventName='Simple Event', ticketPrice=1000} added to ticket pool by Vendor-1
2024-12-04 22:16:47 [Customer-5] INFO  org.example.TicketPool - Ticket{ticketId=6, eventName='Simple Event', ticketPrice=1000} purchased by Customer-5
2024-12-04 22:16:48 [Customer-2] INFO  org.example.Customer - Customer-2 trying to purchase a ticket
2024-12-04 22:16:48 [Customer-4] INFO  org.example.Customer - Customer-4 trying to purchase a ticket
2024-12-04 22:16:48 [Customer-3] INFO  org.example.Customer - Customer-3 trying to purchase a ticket
2024-12-04 22:16:48 [Customer-2] INFO  org.example.TicketPool - Ticket{ticketId=5, eventName='Simple Event', ticketPrice=1000} purchased by Customer-2
2024-12-04 22:16:48 [Vendor-3] INFO  org.example.Vendor - V003 released a ticket. Total released by this vendor: 2. Total tickets overall: 7
2024-12-04 22:16:48 [Vendor-3] INFO  org.example.TicketPool - Ticket{ticketId=7, eventName='Simple Event', ticketPrice=1000} added to ticket pool by Vendor-3
2024-12-04 22:16:48 [Customer-3] INFO  org.example.TicketPool - Ticket{ticketId=7, eventName='Simple Event', ticketPrice=1000} purchased by Customer-3
2024-12-04 22:16:48 [Vendor-1] INFO  org.example.Vendor - V001 released a ticket. Total released by this vendor: 2. Total tickets overall: 8
2024-12-04 22:16:48 [Vendor-2] INFO  org.example.Vendor - V002 released a ticket. Total released by this vendor: 2. Total tickets overall: 9
2024-12-04 22:16:48 [Vendor-1] INFO  org.example.TicketPool - Ticket{ticketId=8, eventName='Simple Event', ticketPrice=1000} added to ticket pool by Vendor-1
2024-12-04 22:16:48 [Vendor-2] INFO  org.example.TicketPool - Ticket{ticketId=9, eventName='Simple Event', ticketPrice=1000} added to ticket pool by Vendor-2
2024-12-04 22:16:48 [Customer-4] INFO  org.example.TicketPool - Ticket{ticketId=8, eventName='Simple Event', ticketPrice=1000} purchased by Customer-4
2024-12-04 22:16:49 [Customer-1] INFO  org.example.Customer - Customer-1 trying to purchase a ticket
2024-12-04 22:16:49 [Customer-5] INFO  org.example.Customer - Customer-5 trying to purchase a ticket
2024-12-04 22:16:49 [Customer-1] INFO  org.example.TicketPool - Ticket{ticketId=9, eventName='Simple Event', ticketPrice=1000} purchased by Customer-1
2024-12-04 22:16:49 [Vendor-1] INFO  org.example.Vendor - V001 released a ticket. Total released by this vendor: 3. Total tickets overall: 10
2024-12-04 22:16:49 [Vendor-2] INFO  org.example.Vendor - V002 released a ticket. Total released by this vendor: 3. Total tickets overall: 11
2024-12-04 22:16:49 [Vendor-1] INFO  org.example.TicketPool - Ticket{ticketId=10, eventName='Simple Event', ticketPrice=1000} added to ticket pool by Vendor-1
2024-12-04 22:16:49 [Vendor-2] INFO  org.example.TicketPool - Ticket{ticketId=11, eventName='Simple Event', ticketPrice=1000} added to ticket pool by Vendor-2
2024-12-04 22:16:49 [Customer-5] INFO  org.example.TicketPool - Ticket{ticketId=10, eventName='Simple Event', ticketPrice=1000} purchased by Customer-5
2024-12-04 22:16:50 [Customer-2] INFO  org.example.Customer - Customer-2 trying to purchase a ticket
2024-12-04 22:16:50 [Customer-3] INFO  org.example.Customer - Customer-3 trying to purchase a ticket
2024-12-04 22:16:50 [Customer-2] INFO  org.example.TicketPool - Ticket{ticketId=11, eventName='Simple Event', ticketPrice=1000} purchased by Customer-2
2024-12-04 22:16:50 [Customer-4] INFO  org.example.Customer - Customer-4 trying to purchase a ticket
2024-12-04 22:16:50 [Vendor-1] INFO  org.example.Vendor - V001 released a ticket. Total released by this vendor: 4. Total tickets overall: 12
2024-12-04 22:16:50 [Vendor-1] INFO  org.example.TicketPool - Ticket{ticketId=12, eventName='Simple Event', ticketPrice=1000} added to ticket pool by Vendor-1
2024-12-04 22:16:50 [Customer-3] INFO  org.example.TicketPool - Ticket{ticketId=12, eventName='Simple Event', ticketPrice=1000} purchased by Customer-3
2024-12-04 22:16:51 [Customer-1] INFO  org.example.Customer - Customer-1 trying to purchase a ticket
2024-12-04 22:16:51 [Customer-5] INFO  org.example.Customer - Customer-5 trying to purchase a ticket
2024-12-04 22:16:51 [Vendor-1] INFO  org.example.Vendor - V001 released a ticket. Total released by this vendor: 5. Total tickets overall: 13
2024-12-04 22:16:51 [Vendor-1] INFO  org.example.TicketPool - Ticket{ticketId=13, eventName='Simple Event', ticketPrice=1000} added to ticket pool by Vendor-1
2024-12-04 22:16:51 [Customer-4] INFO  org.example.TicketPool - Ticket{ticketId=13, eventName='Simple Event', ticketPrice=1000} purchased by Customer-4
2024-12-04 22:16:52 [Customer-2] INFO  org.example.Customer - Customer-2 trying to purchase a ticket
2024-12-04 22:16:52 [Customer-3] INFO  org.example.Customer - Customer-3 trying to purchase a ticket
2024-12-04 22:16:52 [Vendor-1] INFO  org.example.Vendor - V001 released a ticket. Total released by this vendor: 6. Total tickets overall: 14
2024-12-04 22:16:52 [Vendor-1] INFO  org.example.TicketPool - Ticket{ticketId=14, eventName='Simple Event', ticketPrice=1000} added to ticket pool by Vendor-1
2024-12-04 22:16:52 [Customer-1] INFO  org.example.TicketPool - Ticket{ticketId=14, eventName='Simple Event', ticketPrice=1000} purchased by Customer-1
2024-12-04 22:16:53 [Customer-4] INFO  org.example.Customer - Customer-4 trying to purchase a ticket
2024-12-04 22:16:53 [Vendor-1] INFO  org.example.Vendor - V001 released a ticket. Total released by this vendor: 7. Total tickets overall: 15
2024-12-04 22:16:53 [Vendor-1] INFO  org.example.TicketPool - Ticket{ticketId=15, eventName='Simple Event', ticketPrice=1000} added to ticket pool by Vendor-1
2024-12-04 22:16:53 [Customer-5] INFO  org.example.TicketPool - Ticket{ticketId=15, eventName='Simple Event', ticketPrice=1000} purchased by Customer-5
2024-12-04 22:16:54 [Customer-1] INFO  org.example.Customer - Customer-1 trying to purchase a ticket
2024-12-04 22:16:55 [Customer-5] INFO  org.example.Customer - Customer-5 trying to purchase a ticket
2024-12-04 22:29:56 [Vendor-1] INFO  org.example.Vendor - V001 released a ticket. Total released by this vendor: 0. Total tickets overall: 4
2024-12-04 22:29:56 [Vendor-3] INFO  org.example.Vendor - V003 released a ticket. Total released by this vendor: 0. Total tickets overall: 4
2024-12-04 22:29:56 [Vendor-2] INFO  org.example.Vendor - V002 released a ticket. Total released by this vendor: 0. Total tickets overall: 4
2024-12-04 22:29:56 [Vendor-4] INFO  org.example.Vendor - V004 released a ticket. Total released by this vendor: 0. Total tickets overall: 4
2024-12-04 22:29:56 [Vendor-3] INFO  org.example.TicketPool - Ticket{ticketId=3, eventName='Simple Event', ticketPrice=1000} added to ticket pool by Vendor-3
2024-12-04 22:29:56 [Vendor-2] INFO  org.example.TicketPool - Ticket{ticketId=1, eventName='Simple Event', ticketPrice=1000} added to ticket pool by Vendor-2
2024-12-04 22:29:56 [Vendor-4] INFO  org.example.TicketPool - Ticket{ticketId=2, eventName='Simple Event', ticketPrice=1000} added to ticket pool by Vendor-4
2024-12-04 22:29:56 [Vendor-1] INFO  org.example.TicketPool - Ticket{ticketId=4, eventName='Simple Event', ticketPrice=1000} added to ticket pool by Vendor-1
2024-12-04 22:29:57 [Vendor-2] INFO  org.example.Vendor - V002 released a ticket. Total released by this vendor: 1. Total tickets overall: 6
2024-12-04 22:29:57 [Vendor-3] INFO  org.example.Vendor - V003 released a ticket. Total released by this vendor: 1. Total tickets overall: 5
2024-12-04 22:29:57 [Vendor-1] INFO  org.example.Vendor - V001 released a ticket. Total released by this vendor: 1. Total tickets overall: 7
2024-12-04 22:33:54 [Vendor-1] INFO  org.example.Vendor - V001 released a ticket. Total released by this vendor: 0. Total tickets overall: 1
2024-12-04 22:33:54 [Customer-3] INFO  org.example.Customer - Customer-3 trying to purchase a ticket
2024-12-04 22:33:54 [Customer-1] INFO  org.example.Customer - Customer-1 trying to purchase a ticket
2024-12-04 22:33:54 [Customer-4] INFO  org.example.Customer - Customer-4 trying to purchase a ticket
2024-12-04 22:33:54 [Customer-2] INFO  org.example.Customer - Customer-2 trying to purchase a ticket
2024-12-04 22:33:54 [Vendor-1] INFO  org.example.TicketPool - Ticket{ticketId=1, eventName='Simple Event', ticketPrice=1000} added to ticket pool by Vendor-1
2024-12-04 22:33:54 [Customer-3] INFO  org.example.TicketPool - Ticket{ticketId=1, eventName='Simple Event', ticketPrice=1000} purchased by Customer-3
2024-12-04 22:33:55 [Customer-3] INFO  org.example.Customer - Customer-3 trying to purchase a ticket
2024-12-04 22:33:56 [Vendor-1] INFO  org.example.Vendor - V001 released a ticket. Total released by this vendor: 1. Total tickets overall: 2
2024-12-04 22:33:56 [Vendor-1] INFO  org.example.TicketPool - Ticket{ticketId=2, eventName='Simple Event', ticketPrice=1000} added to ticket pool by Vendor-1
2024-12-04 22:33:56 [Customer-1] INFO  org.example.TicketPool - Ticket{ticketId=2, eventName='Simple Event', ticketPrice=1000} purchased by Customer-1
2024-12-04 22:33:57 [Customer-1] INFO  org.example.Customer - Customer-1 trying to purchase a ticket
2024-12-04 22:33:58 [Vendor-1] INFO  org.example.Vendor - V001 released a ticket. Total released by this vendor: 2. Total tickets overall: 3
2024-12-04 22:33:58 [Vendor-1] INFO  org.example.TicketPool - Ticket{ticketId=3, eventName='Simple Event', ticketPrice=1000} added to ticket pool by Vendor-1
2024-12-04 22:33:58 [Customer-4] INFO  org.example.TicketPool - Ticket{ticketId=3, eventName='Simple Event', ticketPrice=1000} purchased by Customer-4
2024-12-04 22:33:59 [Customer-4] INFO  org.example.Customer - Customer-4 trying to purchase a ticket
2024-12-04 22:34:00 [Vendor-1] INFO  org.example.Vendor - V001 released a ticket. Total released by this vendor: 3. Total tickets overall: 4
2024-12-04 22:34:00 [Vendor-1] INFO  org.example.TicketPool - Ticket{ticketId=4, eventName='Simple Event', ticketPrice=1000} added to ticket pool by Vendor-1
2024-12-04 22:34:00 [Customer-2] INFO  org.example.TicketPool - Ticket{ticketId=4, eventName='Simple Event', ticketPrice=1000} purchased by Customer-2
2024-12-04 22:34:01 [Customer-2] INFO  org.example.Customer - Customer-2 trying to purchase a ticket
2024-12-04 22:34:02 [Vendor-1] INFO  org.example.Vendor - V001 released a ticket. Total released by this vendor: 4. Total tickets overall: 5
2024-12-04 22:34:02 [Vendor-1] INFO  org.example.TicketPool - Ticket{ticketId=5, eventName='Simple Event', ticketPrice=1000} added to ticket pool by Vendor-1
2024-12-04 22:34:02 [Customer-3] INFO  org.example.TicketPool - Ticket{ticketId=5, eventName='Simple Event', ticketPrice=1000} purchased by Customer-3
2024-12-04 22:34:03 [Customer-3] INFO  org.example.Customer - Customer-3 trying to purchase a ticket
2024-12-04 22:42:42 [Vendor-2] INFO  org.example.Vendor - V002 released a ticket. Total released by this vendor: 0. Total tickets overall: 3
2024-12-04 22:42:42 [Customer-1] INFO  org.example.Customer - Customer-1 trying to purchase a ticket
2024-12-04 22:42:42 [Vendor-3] INFO  org.example.Vendor - V003 released a ticket. Total released by this vendor: 0. Total tickets overall: 3
2024-12-04 22:42:42 [Vendor-1] INFO  org.example.Vendor - V001 released a ticket. Total released by this vendor: 0. Total tickets overall: 3
2024-12-04 22:42:42 [Vendor-3] INFO  org.example.TicketPool - Ticket{ticketId=2, eventName='Simple Event', ticketPrice=1000} added to ticket pool by Vendor-3
2024-12-04 22:42:42 [Vendor-1] INFO  org.example.TicketPool - Ticket{ticketId=1, eventName='Simple Event', ticketPrice=1000} added to ticket pool by Vendor-1
2024-12-04 22:42:42 [Vendor-2] INFO  org.example.TicketPool - Ticket{ticketId=3, eventName='Simple Event', ticketPrice=1000} added to ticket pool by Vendor-2
2024-12-04 22:42:42 [Customer-1] INFO  org.example.TicketPool - Ticket{ticketId=2, eventName='Simple Event', ticketPrice=1000} purchased by Customer-1
2024-12-04 22:42:43 [Vendor-3] INFO  org.example.Vendor - V003 released a ticket. Total released by this vendor: 1. Total tickets overall: 4
2024-12-04 22:42:43 [Vendor-2] INFO  org.example.Vendor - V002 released a ticket. Total released by this vendor: 1. Total tickets overall: 6
2024-12-04 22:42:43 [Vendor-1] INFO  org.example.Vendor - V001 released a ticket. Total released by this vendor: 1. Total tickets overall: 5
2024-12-04 22:42:43 [Vendor-3] INFO  org.example.TicketPool - Ticket{ticketId=4, eventName='Simple Event', ticketPrice=1000} added to ticket pool by Vendor-3
2024-12-04 22:42:43 [Vendor-2] INFO  org.example.TicketPool - Ticket{ticketId=6, eventName='Simple Event', ticketPrice=1000} added to ticket pool by Vendor-2
2024-12-04 22:42:43 [Vendor-1] INFO  org.example.TicketPool - Ticket{ticketId=5, eventName='Simple Event', ticketPrice=1000} added to ticket pool by Vendor-1
2024-12-04 22:42:44 [Customer-1] INFO  org.example.Customer - Customer-1 trying to purchase a ticket
2024-12-04 22:42:44 [Customer-1] INFO  org.example.TicketPool - Ticket{ticketId=1, eventName='Simple Event', ticketPrice=1000} purchased by Customer-1
2024-12-04 22:42:44 [Vendor-3] INFO  org.example.Vendor - V003 released a ticket. Total released by this vendor: 2. Total tickets overall: 7
2024-12-04 22:42:44 [Vendor-1] INFO  org.example.Vendor - V001 released a ticket. Total released by this vendor: 2. Total tickets overall: 8
2024-12-04 22:42:44 [Vendor-3] INFO  org.example.TicketPool - Ticket{ticketId=7, eventName='Simple Event', ticketPrice=1000} added to ticket pool by Vendor-3
2024-12-04 22:42:44 [Vendor-1] INFO  org.example.TicketPool - Ticket{ticketId=8, eventName='Simple Event', ticketPrice=1000} added to ticket pool by Vendor-1
2024-12-04 22:42:44 [Vendor-2] INFO  org.example.Vendor - V002 released a ticket. Total released by this vendor: 2. Total tickets overall: 9
2024-12-04 22:42:46 [Customer-1] INFO  org.example.Customer - Customer-1 trying to purchase a ticket
2024-12-04 22:42:46 [Customer-1] INFO  org.example.TicketPool - Ticket{ticketId=3, eventName='Simple Event', ticketPrice=1000} purchased by Customer-1
2024-12-04 22:42:46 [Vendor-2] INFO  org.example.TicketPool - Ticket{ticketId=9, eventName='Simple Event', ticketPrice=1000} added to ticket pool by Vendor-2
2024-12-04 22:42:47 [Vendor-2] INFO  org.example.Vendor - V002 released a ticket. Total released by this vendor: 3. Total tickets overall: 10
2024-12-04 22:42:48 [Customer-1] INFO  org.example.Customer - Customer-1 trying to purchase a ticket
2024-12-04 22:42:48 [Customer-1] INFO  org.example.TicketPool - Ticket{ticketId=4, eventName='Simple Event', ticketPrice=1000} purchased by Customer-1
2024-12-04 22:42:48 [Vendor-2] INFO  org.example.TicketPool - Ticket{ticketId=10, eventName='Simple Event', ticketPrice=1000} added to ticket pool by Vendor-2
2024-12-04 22:42:50 [Customer-1] INFO  org.example.Customer - Customer-1 trying to purchase a ticket
2024-12-04 22:42:50 [Customer-1] INFO  org.example.TicketPool - Ticket{ticketId=6, eventName='Simple Event', ticketPrice=1000} purchased by Customer-1
2024-12-04 22:42:52 [Customer-1] INFO  org.example.Customer - Customer-1 trying to purchase a ticket
2024-12-04 22:42:52 [Customer-1] INFO  org.example.TicketPool - Ticket{ticketId=5, eventName='Simple Event', ticketPrice=1000} purchased by Customer-1
2024-12-04 22:42:54 [Customer-1] INFO  org.example.Customer - Customer-1 trying to purchase a ticket
2024-12-04 22:42:54 [Customer-1] INFO  org.example.TicketPool - Ticket{ticketId=7, eventName='Simple Event', ticketPrice=1000} purchased by Customer-1
2024-12-04 22:42:56 [Customer-1] INFO  org.example.Customer - Customer-1 trying to purchase a ticket
2024-12-04 22:42:56 [Customer-1] INFO  org.example.TicketPool - Ticket{ticketId=8, eventName='Simple Event', ticketPrice=1000} purchased by Customer-1
2024-12-04 22:42:58 [Customer-1] INFO  org.example.Customer - Customer-1 trying to purchase a ticket
2024-12-04 22:42:58 [Customer-1] INFO  org.example.TicketPool - Ticket{ticketId=9, eventName='Simple Event', ticketPrice=1000} purchased by Customer-1
2024-12-04 22:43:00 [Customer-1] INFO  org.example.Customer - Customer-1 trying to purchase a ticket
2024-12-04 22:43:00 [Customer-1] INFO  org.example.TicketPool - Ticket{ticketId=10, eventName='Simple Event', ticketPrice=1000} purchased by Customer-1
2024-12-04 22:43:02 [Customer-1] INFO  org.example.Customer - Customer-1 trying to purchase a ticket
2024-12-04 22:48:30 [Vendor-2] INFO  org.example.Vendor - V002 released a ticket. Total released by this vendor: 0. Total tickets overall: 3
2024-12-04 22:48:30 [Customer-1] INFO  org.example.Customer - Customer-1 trying to purchase a ticket
2024-12-04 22:48:30 [Customer-2] INFO  org.example.Customer - Customer-2 trying to purchase a ticket
2024-12-04 22:48:30 [Vendor-3] INFO  org.example.Vendor - V003 released a ticket. Total released by this vendor: 0. Total tickets overall: 3
2024-12-04 22:48:30 [Vendor-1] INFO  org.example.Vendor - V001 released a ticket. Total released by this vendor: 0. Total tickets overall: 3
2024-12-04 22:48:30 [Customer-3] INFO  org.example.Customer - Customer-3 trying to purchase a ticket
2024-12-04 22:48:30 [Vendor-3] INFO  org.example.TicketPool - Ticket{ticketId=3, eventName='Simple Event', ticketPrice=1000} added to ticket pool by Vendor-3
2024-12-04 22:48:30 [Vendor-1] INFO  org.example.TicketPool - Ticket{ticketId=1, eventName='Simple Event', ticketPrice=1000} added to ticket pool by Vendor-1
2024-12-04 22:48:30 [Customer-3] INFO  org.example.TicketPool - Ticket{ticketId=3, eventName='Simple Event', ticketPrice=1000} purchased by Customer-3
2024-12-04 22:48:30 [Vendor-2] INFO  org.example.TicketPool - Ticket{ticketId=2, eventName='Simple Event', ticketPrice=1000} added to ticket pool by Vendor-2
2024-12-04 22:48:30 [Customer-1] INFO  org.example.TicketPool - Ticket{ticketId=1, eventName='Simple Event', ticketPrice=1000} purchased by Customer-1
2024-12-04 22:48:30 [Customer-2] INFO  org.example.TicketPool - Ticket{ticketId=2, eventName='Simple Event', ticketPrice=1000} purchased by Customer-2
2024-12-04 22:48:32 [Customer-2] INFO  org.example.Customer - Customer-2 trying to purchase a ticket
2024-12-04 22:48:32 [Customer-3] INFO  org.example.Customer - Customer-3 trying to purchase a ticket
2024-12-04 22:48:32 [Customer-1] INFO  org.example.Customer - Customer-1 trying to purchase a ticket
2024-12-04 22:48:40 [Vendor-3] INFO  org.example.Vendor - V003 released a ticket. Total released by this vendor: 1. Total tickets overall: 4
2024-12-04 22:48:40 [Vendor-2] INFO  org.example.Vendor - V002 released a ticket. Total released by this vendor: 1. Total tickets overall: 6
2024-12-04 22:48:40 [Vendor-1] INFO  org.example.Vendor - V001 released a ticket. Total released by this vendor: 1. Total tickets overall: 6
2024-12-04 22:48:40 [Vendor-3] INFO  org.example.TicketPool - Ticket{ticketId=4, eventName='Simple Event', ticketPrice=1000} added to ticket pool by Vendor-3
2024-12-04 22:48:40 [Vendor-2] INFO  org.example.TicketPool - Ticket{ticketId=6, eventName='Simple Event', ticketPrice=1000} added to ticket pool by Vendor-2
2024-12-04 22:48:40 [Vendor-1] INFO  org.example.TicketPool - Ticket{ticketId=5, eventName='Simple Event', ticketPrice=1000} added to ticket pool by Vendor-1
2024-12-04 22:48:40 [Customer-2] INFO  org.example.TicketPool - Ticket{ticketId=4, eventName='Simple Event', ticketPrice=1000} purchased by Customer-2
2024-12-04 22:48:40 [Customer-3] INFO  org.example.TicketPool - Ticket{ticketId=6, eventName='Simple Event', ticketPrice=1000} purchased by Customer-3
2024-12-04 22:48:40 [Customer-1] INFO  org.example.TicketPool - Ticket{ticketId=5, eventName='Simple Event', ticketPrice=1000} purchased by Customer-1
2024-12-04 22:48:42 [Customer-2] INFO  org.example.Customer - Customer-2 trying to purchase a ticket
2024-12-04 22:48:42 [Customer-1] INFO  org.example.Customer - Customer-1 trying to purchase a ticket
2024-12-04 22:48:42 [Customer-3] INFO  org.example.Customer - Customer-3 trying to purchase a ticket
2024-12-04 22:48:50 [Vendor-1] INFO  org.example.Vendor - V001 released a ticket. Total released by this vendor: 2. Total tickets overall: 8
2024-12-04 22:48:50 [Vendor-2] INFO  org.example.Vendor - V002 released a ticket. Total released by this vendor: 2. Total tickets overall: 8
2024-12-04 22:48:50 [Vendor-3] INFO  org.example.Vendor - V003 released a ticket. Total released by this vendor: 2. Total tickets overall: 7
2024-12-04 22:48:50 [Vendor-1] INFO  org.example.TicketPool - Ticket{ticketId=8, eventName='Simple Event', ticketPrice=1000} added to ticket pool by Vendor-1
2024-12-04 22:48:50 [Vendor-2] INFO  org.example.TicketPool - Ticket{ticketId=8, eventName='Simple Event', ticketPrice=1000} added to ticket pool by Vendor-2
2024-12-04 22:48:50 [Vendor-3] INFO  org.example.TicketPool - Ticket{ticketId=7, eventName='Simple Event', ticketPrice=1000} added to ticket pool by Vendor-3
2024-12-04 22:48:50 [Customer-1] INFO  org.example.TicketPool - Ticket{ticketId=8, eventName='Simple Event', ticketPrice=1000} purchased by Customer-1
2024-12-04 22:48:50 [Customer-3] INFO  org.example.TicketPool - Ticket{ticketId=8, eventName='Simple Event', ticketPrice=1000} purchased by Customer-3
2024-12-04 22:48:50 [Customer-2] INFO  org.example.TicketPool - Ticket{ticketId=7, eventName='Simple Event', ticketPrice=1000} purchased by Customer-2
2024-12-04 22:48:52 [Customer-1] INFO  org.example.Customer - Customer-1 trying to purchase a ticket
2024-12-04 22:48:52 [Customer-2] INFO  org.example.Customer - Customer-2 trying to purchase a ticket
2024-12-04 22:48:52 [Customer-3] INFO  org.example.Customer - Customer-3 trying to purchase a ticket
2024-12-04 23:15:40 [Vendor-2] INFO  org.example.Vendor - V002 released a ticket. Total released by this vendor: 0. Total tickets overall: 3
2024-12-04 23:15:40 [Customer-1] INFO  org.example.Customer - Customer-1 trying to purchase a ticket
2024-12-04 23:15:40 [Vendor-3] INFO  org.example.Vendor - V003 released a ticket. Total released by this vendor: 0. Total tickets overall: 3
2024-12-04 23:15:40 [Customer-2] INFO  org.example.Customer - Customer-2 trying to purchase a ticket
2024-12-04 23:15:40 [Vendor-1] INFO  org.example.Vendor - V001 released a ticket. Total released by this vendor: 0. Total tickets overall: 3
2024-12-04 23:15:40 [Vendor-2] INFO  org.example.TicketPool - Ticket{ticketId=3, eventName='Simple Event', ticketPrice=1000} added to ticket pool by Vendor-2
2024-12-04 23:15:40 [Customer-1] INFO  org.example.TicketPool - Ticket{ticketId=3, eventName='Simple Event', ticketPrice=1000} purchased by Customer-1
2024-12-04 23:15:40 [Vendor-3] INFO  org.example.TicketPool - Ticket{ticketId=3, eventName='Simple Event', ticketPrice=1000} added to ticket pool by Vendor-3
2024-12-04 23:15:40 [Customer-2] INFO  org.example.TicketPool - Ticket{ticketId=3, eventName='Simple Event', ticketPrice=1000} purchased by Customer-2
2024-12-04 23:15:40 [Vendor-1] INFO  org.example.TicketPool - Ticket{ticketId=3, eventName='Simple Event', ticketPrice=1000} added to ticket pool by Vendor-1
2024-12-04 23:15:41 [Vendor-1] INFO  org.example.Vendor - V001 released a ticket. Total released by this vendor: 1. Total tickets overall: 6
2024-12-04 23:15:41 [Vendor-2] INFO  org.example.Vendor - V002 released a ticket. Total released by this vendor: 1. Total tickets overall: 6
2024-12-04 23:15:41 [Vendor-3] INFO  org.example.Vendor - V003 released a ticket. Total released by this vendor: 1. Total tickets overall: 6
2024-12-04 23:15:41 [Vendor-1] INFO  org.example.TicketPool - Ticket{ticketId=5, eventName='Simple Event', ticketPrice=1000} added to ticket pool by Vendor-1
2024-12-04 23:15:41 [Vendor-2] INFO  org.example.TicketPool - Ticket{ticketId=6, eventName='Simple Event', ticketPrice=1000} added to ticket pool by Vendor-2
2024-12-04 23:15:41 [Vendor-3] INFO  org.example.TicketPool - Ticket{ticketId=4, eventName='Simple Event', ticketPrice=1000} added to ticket pool by Vendor-3
2024-12-04 23:15:42 [Customer-2] INFO  org.example.Customer - Customer-2 trying to purchase a ticket
2024-12-04 23:15:42 [Customer-1] INFO  org.example.Customer - Customer-1 trying to purchase a ticket
2024-12-04 23:15:42 [Customer-2] INFO  org.example.TicketPool - Ticket{ticketId=3, eventName='Simple Event', ticketPrice=1000} purchased by Customer-2
2024-12-04 23:15:42 [Customer-1] INFO  org.example.TicketPool - Ticket{ticketId=5, eventName='Simple Event', ticketPrice=1000} purchased by Customer-1
2024-12-04 23:15:42 [Vendor-2] INFO  org.example.Vendor - V002 released a ticket. Total released by this vendor: 2. Total tickets overall: 8
2024-12-04 23:15:42 [Vendor-1] INFO  org.example.Vendor - V001 released a ticket. Total released by this vendor: 2. Total tickets overall: 8
2024-12-04 23:15:42 [Vendor-3] INFO  org.example.Vendor - V003 released a ticket. Total released by this vendor: 2. Total tickets overall: 9
2024-12-04 23:15:42 [Vendor-1] INFO  org.example.TicketPool - Ticket{ticketId=8, eventName='Simple Event', ticketPrice=1000} added to ticket pool by Vendor-1
2024-12-04 23:15:42 [Vendor-2] INFO  org.example.TicketPool - Ticket{ticketId=8, eventName='Simple Event', ticketPrice=1000} added to ticket pool by Vendor-2
2024-12-04 23:15:42 [Vendor-3] INFO  org.example.TicketPool - Ticket{ticketId=9, eventName='Simple Event', ticketPrice=1000} added to ticket pool by Vendor-3
2024-12-04 23:15:43 [Vendor-3] INFO  org.example.Vendor - V003 released a ticket. Total released by this vendor: 3. Total tickets overall: 10
2024-12-04 23:15:43 [Vendor-1] INFO  org.example.Vendor - V001 released a ticket. Total released by this vendor: 3. Total tickets overall: 11
2024-12-04 23:15:43 [Vendor-2] INFO  org.example.Vendor - V002 released a ticket. Total released by this vendor: 3. Total tickets overall: 12
2024-12-04 23:15:44 [Customer-2] INFO  org.example.Customer - Customer-2 trying to purchase a ticket
2024-12-04 23:15:44 [Customer-1] INFO  org.example.Customer - Customer-1 trying to purchase a ticket
2024-12-04 23:15:44 [Customer-2] INFO  org.example.TicketPool - Ticket{ticketId=6, eventName='Simple Event', ticketPrice=1000} purchased by Customer-2
2024-12-04 23:15:44 [Customer-1] INFO  org.example.TicketPool - Ticket{ticketId=4, eventName='Simple Event', ticketPrice=1000} purchased by Customer-1
2024-12-04 23:15:44 [Vendor-3] INFO  org.example.TicketPool - Ticket{ticketId=10, eventName='Simple Event', ticketPrice=1000} added to ticket pool by Vendor-3
2024-12-04 23:15:44 [Vendor-1] INFO  org.example.TicketPool - Ticket{ticketId=11, eventName='Simple Event', ticketPrice=1000} added to ticket pool by Vendor-1
2024-12-04 23:15:45 [Vendor-3] INFO  org.example.Vendor - V003 released a ticket. Total released by this vendor: 4. Total tickets overall: 13
2024-12-04 23:15:45 [Vendor-1] INFO  org.example.Vendor - V001 released a ticket. Total released by this vendor: 4. Total tickets overall: 14
2024-12-04 23:15:46 [Customer-2] INFO  org.example.Customer - Customer-2 trying to purchase a ticket
2024-12-04 23:15:46 [Customer-2] INFO  org.example.TicketPool - Ticket{ticketId=8, eventName='Simple Event', ticketPrice=1000} purchased by Customer-2
2024-12-04 23:15:46 [Vendor-2] INFO  org.example.TicketPool - Ticket{ticketId=12, eventName='Simple Event', ticketPrice=1000} added to ticket pool by Vendor-2
2024-12-04 23:15:46 [Customer-1] INFO  org.example.Customer - Customer-1 trying to purchase a ticket
2024-12-04 23:15:46 [Customer-1] INFO  org.example.TicketPool - Ticket{ticketId=8, eventName='Simple Event', ticketPrice=1000} purchased by Customer-1
2024-12-04 23:15:46 [Vendor-3] INFO  org.example.TicketPool - Ticket{ticketId=13, eventName='Simple Event', ticketPrice=1000} added to ticket pool by Vendor-3
2024-12-04 23:15:47 [Vendor-2] INFO  org.example.Vendor - V002 released a ticket. Total released by this vendor: 4. Total tickets overall: 15
2024-12-04 23:15:48 [Customer-2] INFO  org.example.Customer - Customer-2 trying to purchase a ticket
2024-12-04 23:15:48 [Customer-2] INFO  org.example.TicketPool - Ticket{ticketId=9, eventName='Simple Event', ticketPrice=1000} purchased by Customer-2
2024-12-04 23:15:48 [Vendor-1] INFO  org.example.TicketPool - Ticket{ticketId=14, eventName='Simple Event', ticketPrice=1000} added to ticket pool by Vendor-1
2024-12-04 23:15:48 [Customer-1] INFO  org.example.Customer - Customer-1 trying to purchase a ticket
2024-12-04 23:15:48 [Customer-1] INFO  org.example.TicketPool - Ticket{ticketId=10, eventName='Simple Event', ticketPrice=1000} purchased by Customer-1
2024-12-04 23:15:48 [Vendor-2] INFO  org.example.TicketPool - Ticket{ticketId=15, eventName='Simple Event', ticketPrice=1000} added to ticket pool by Vendor-2
2024-12-04 23:15:50 [Customer-2] INFO  org.example.Customer - Customer-2 trying to purchase a ticket
2024-12-04 23:15:50 [Customer-2] INFO  org.example.TicketPool - Ticket{ticketId=11, eventName='Simple Event', ticketPrice=1000} purchased by Customer-2
2024-12-04 23:15:50 [Customer-1] INFO  org.example.Customer - Customer-1 trying to purchase a ticket
2024-12-04 23:15:50 [Customer-1] INFO  org.example.TicketPool - Ticket{ticketId=12, eventName='Simple Event', ticketPrice=1000} purchased by Customer-1
2024-12-04 23:15:52 [Customer-2] INFO  org.example.Customer - Customer-2 trying to purchase a ticket
2024-12-04 23:15:52 [Customer-2] INFO  org.example.TicketPool - Ticket{ticketId=13, eventName='Simple Event', ticketPrice=1000} purchased by Customer-2
2024-12-04 23:15:52 [Customer-1] INFO  org.example.Customer - Customer-1 trying to purchase a ticket
2024-12-04 23:15:52 [Customer-1] INFO  org.example.TicketPool - Ticket{ticketId=14, eventName='Simple Event', ticketPrice=1000} purchased by Customer-1
2024-12-04 23:15:54 [Customer-2] INFO  org.example.Customer - Customer-2 trying to purchase a ticket
2024-12-04 23:15:54 [Customer-2] INFO  org.example.TicketPool - Ticket{ticketId=15, eventName='Simple Event', ticketPrice=1000} purchased by Customer-2
2024-12-04 23:15:54 [Customer-1] INFO  org.example.Customer - Customer-1 trying to purchase a ticket
2024-12-04 23:15:56 [Customer-2] INFO  org.example.Customer - Customer-2 trying to purchase a ticket
2024-12-04 23:19:37 [Customer-1] INFO  org.example.Customer - Customer-1 trying to purchase a ticket
2024-12-04 23:19:37 [Customer-2] INFO  org.example.Customer - Customer-2 trying to purchase a ticket
2024-12-04 23:19:37 [Vendor-1] INFO  org.example.Vendor - V001 released a ticket. Total released by this vendor: 0. Total tickets overall: 2
2024-12-04 23:19:37 [Vendor-2] INFO  org.example.Vendor - V002 released a ticket. Total released by this vendor: 0. Total tickets overall: 2
2024-12-04 23:19:37 [Vendor-3] INFO  org.example.Vendor - V003 released a ticket. Total released by this vendor: 0. Total tickets overall: 2
2024-12-04 23:19:37 [Vendor-1] INFO  org.example.TicketPool - Ticket{ticketId=1, eventName='Simple Event', ticketPrice=1000} added to ticket pool by Vendor-1
2024-12-04 23:19:37 [Vendor-2] INFO  org.example.TicketPool - Ticket{ticketId=1, eventName='Simple Event', ticketPrice=1000} added to ticket pool by Vendor-2
2024-12-04 23:19:37 [Vendor-3] INFO  org.example.TicketPool - Ticket{ticketId=2, eventName='Simple Event', ticketPrice=1000} added to ticket pool by Vendor-3
2024-12-04 23:19:37 [Customer-1] INFO  org.example.TicketPool - Ticket{ticketId=1, eventName='Simple Event', ticketPrice=1000} purchased by Customer-1
2024-12-04 23:19:37 [Customer-2] INFO  org.example.TicketPool - Ticket{ticketId=1, eventName='Simple Event', ticketPrice=1000} purchased by Customer-2
2024-12-04 23:19:38 [Vendor-2] INFO  org.example.Vendor - V002 released a ticket. Total released by this vendor: 1. Total tickets overall: 4
2024-12-04 23:19:38 [Vendor-1] INFO  org.example.Vendor - V001 released a ticket. Total released by this vendor: 1. Total tickets overall: 3
2024-12-04 23:19:38 [Vendor-3] INFO  org.example.Vendor - V003 released a ticket. Total released by this vendor: 1. Total tickets overall: 5
2024-12-04 23:19:38 [Vendor-2] INFO  org.example.TicketPool - Ticket{ticketId=4, eventName='Simple Event', ticketPrice=1000} added to ticket pool by Vendor-2
2024-12-04 23:19:38 [Vendor-1] INFO  org.example.TicketPool - Ticket{ticketId=3, eventName='Simple Event', ticketPrice=1000} added to ticket pool by Vendor-1
2024-12-04 23:19:38 [Vendor-3] INFO  org.example.TicketPool - Ticket{ticketId=5, eventName='Simple Event', ticketPrice=1000} added to ticket pool by Vendor-3
2024-12-04 23:19:39 [Customer-1] INFO  org.example.Customer - Customer-1 trying to purchase a ticket
2024-12-04 23:19:39 [Customer-2] INFO  org.example.Customer - Customer-2 trying to purchase a ticket
2024-12-04 23:19:39 [Customer-1] INFO  org.example.TicketPool - Ticket{ticketId=2, eventName='Simple Event', ticketPrice=1000} purchased by Customer-1
2024-12-04 23:19:39 [Customer-2] INFO  org.example.TicketPool - Ticket{ticketId=4, eventName='Simple Event', ticketPrice=1000} purchased by Customer-2
2024-12-04 23:19:39 [Vendor-2] INFO  org.example.Vendor - V002 released a ticket. Total released by this vendor: 2. Total tickets overall: 6
2024-12-04 23:19:39 [Vendor-2] INFO  org.example.TicketPool - Ticket{ticketId=6, eventName='Simple Event', ticketPrice=1000} added to ticket pool by Vendor-2
2024-12-04 23:19:39 [Vendor-1] INFO  org.example.Vendor - V001 released a ticket. Total released by this vendor: 2. Total tickets overall: 7
2024-12-04 23:19:39 [Vendor-1] INFO  org.example.TicketPool - Ticket{ticketId=7, eventName='Simple Event', ticketPrice=1000} added to ticket pool by Vendor-1
2024-12-04 23:19:39 [Vendor-3] INFO  org.example.Vendor - V003 released a ticket. Total released by this vendor: 2. Total tickets overall: 8
2024-12-04 23:19:39 [Vendor-3] INFO  org.example.TicketPool - Ticket{ticketId=8, eventName='Simple Event', ticketPrice=1000} added to ticket pool by Vendor-3
2024-12-04 23:19:40 [Vendor-2] INFO  org.example.Vendor - V002 released a ticket. Total released by this vendor: 3. Total tickets overall: 9
2024-12-04 23:19:40 [Vendor-3] INFO  org.example.Vendor - V003 released a ticket. Total released by this vendor: 3. Total tickets overall: 11
2024-12-04 23:19:40 [Vendor-1] INFO  org.example.Vendor - V001 released a ticket. Total released by this vendor: 3. Total tickets overall: 11
2024-12-04 23:19:41 [Customer-1] INFO  org.example.Customer - Customer-1 trying to purchase a ticket
2024-12-04 23:19:41 [Customer-1] INFO  org.example.TicketPool - Ticket{ticketId=3, eventName='Simple Event', ticketPrice=1000} purchased by Customer-1
2024-12-04 23:19:41 [Customer-2] INFO  org.example.Customer - Customer-2 trying to purchase a ticket
2024-12-04 23:19:41 [Vendor-2] INFO  org.example.TicketPool - Ticket{ticketId=9, eventName='Simple Event', ticketPrice=1000} added to ticket pool by Vendor-2
2024-12-04 23:19:41 [Customer-2] INFO  org.example.TicketPool - Ticket{ticketId=5, eventName='Simple Event', ticketPrice=1000} purchased by Customer-2
2024-12-04 23:19:41 [Vendor-1] INFO  org.example.TicketPool - Ticket{ticketId=10, eventName='Simple Event', ticketPrice=1000} added to ticket pool by Vendor-1
2024-12-04 23:19:42 [Vendor-2] INFO  org.example.Vendor - V002 released a ticket. Total released by this vendor: 4. Total tickets overall: 12
2024-12-04 23:19:42 [Vendor-1] INFO  org.example.Vendor - V001 released a ticket. Total released by this vendor: 4. Total tickets overall: 13
2024-12-04 23:19:43 [Customer-1] INFO  org.example.Customer - Customer-1 trying to purchase a ticket
2024-12-04 23:19:43 [Customer-1] INFO  org.example.TicketPool - Ticket{ticketId=6, eventName='Simple Event', ticketPrice=1000} purchased by Customer-1
2024-12-04 23:19:43 [Vendor-3] INFO  org.example.TicketPool - Ticket{ticketId=11, eventName='Simple Event', ticketPrice=1000} added to ticket pool by Vendor-3
2024-12-04 23:19:43 [Customer-2] INFO  org.example.Customer - Customer-2 trying to purchase a ticket
2024-12-04 23:19:43 [Customer-2] INFO  org.example.TicketPool - Ticket{ticketId=7, eventName='Simple Event', ticketPrice=1000} purchased by Customer-2
2024-12-04 23:19:43 [Vendor-2] INFO  org.example.TicketPool - Ticket{ticketId=12, eventName='Simple Event', ticketPrice=1000} added to ticket pool by Vendor-2
2024-12-04 23:19:44 [Vendor-2] INFO  org.example.Vendor - V002 released a ticket. Total released by this vendor: 5. Total tickets overall: 14
2024-12-04 23:19:44 [Vendor-3] INFO  org.example.Vendor - V003 released a ticket. Total released by this vendor: 4. Total tickets overall: 14
2024-12-04 23:19:45 [Customer-1] INFO  org.example.Customer - Customer-1 trying to purchase a ticket
2024-12-04 23:19:45 [Customer-1] INFO  org.example.TicketPool - Ticket{ticketId=8, eventName='Simple Event', ticketPrice=1000} purchased by Customer-1
2024-12-04 23:19:45 [Vendor-1] INFO  org.example.TicketPool - Ticket{ticketId=13, eventName='Simple Event', ticketPrice=1000} added to ticket pool by Vendor-1
2024-12-04 23:19:45 [Customer-2] INFO  org.example.Customer - Customer-2 trying to purchase a ticket
2024-12-04 23:19:45 [Customer-2] INFO  org.example.TicketPool - Ticket{ticketId=9, eventName='Simple Event', ticketPrice=1000} purchased by Customer-2
2024-12-04 23:19:45 [Vendor-3] INFO  org.example.TicketPool - Ticket{ticketId=14, eventName='Simple Event', ticketPrice=1000} added to ticket pool by Vendor-3
2024-12-04 23:19:46 [Vendor-1] INFO  org.example.Vendor - V001 released a ticket. Total released by this vendor: 5. Total tickets overall: 15
2024-12-04 23:19:46 [Vendor-3] INFO  org.example.Vendor - V003 released a ticket. Total released by this vendor: 5. Total tickets overall: 16
2024-12-04 23:19:47 [Customer-1] INFO  org.example.Customer - Customer-1 trying to purchase a ticket
2024-12-04 23:19:47 [Customer-1] INFO  org.example.TicketPool - Ticket{ticketId=10, eventName='Simple Event', ticketPrice=1000} purchased by Customer-1
2024-12-04 23:19:47 [Customer-2] INFO  org.example.Customer - Customer-2 trying to purchase a ticket
2024-12-04 23:19:47 [Vendor-2] INFO  org.example.TicketPool - Ticket{ticketId=14, eventName='Simple Event', ticketPrice=1000} added to ticket pool by Vendor-2
2024-12-04 23:19:47 [Customer-2] INFO  org.example.TicketPool - Ticket{ticketId=11, eventName='Simple Event', ticketPrice=1000} purchased by Customer-2
2024-12-04 23:19:47 [Vendor-1] INFO  org.example.TicketPool - Ticket{ticketId=15, eventName='Simple Event', ticketPrice=1000} added to ticket pool by Vendor-1
2024-12-04 23:19:49 [Customer-1] INFO  org.example.Customer - Customer-1 trying to purchase a ticket
2024-12-04 23:19:49 [Customer-2] INFO  org.example.Customer - Customer-2 trying to purchase a ticket
2024-12-04 23:19:49 [Customer-1] INFO  org.example.TicketPool - Ticket{ticketId=12, eventName='Simple Event', ticketPrice=1000} purchased by Customer-1
2024-12-04 23:19:49 [Customer-2] INFO  org.example.TicketPool - Ticket{ticketId=13, eventName='Simple Event', ticketPrice=1000} purchased by Customer-2
2024-12-04 23:19:49 [Vendor-3] INFO  org.example.TicketPool - Ticket{ticketId=16, eventName='Simple Event', ticketPrice=1000} added to ticket pool by Vendor-3
2024-12-04 23:19:51 [Customer-2] INFO  org.example.Customer - Customer-2 trying to purchase a ticket
2024-12-04 23:19:51 [Customer-2] INFO  org.example.TicketPool - Ticket{ticketId=14, eventName='Simple Event', ticketPrice=1000} purchased by Customer-2
2024-12-04 23:19:51 [Customer-1] INFO  org.example.Customer - Customer-1 trying to purchase a ticket
2024-12-04 23:19:51 [Customer-1] INFO  org.example.TicketPool - Ticket{ticketId=14, eventName='Simple Event', ticketPrice=1000} purchased by Customer-1
2024-12-04 23:19:53 [Customer-2] INFO  org.example.Customer - Customer-2 trying to purchase a ticket
2024-12-04 23:19:53 [Customer-1] INFO  org.example.Customer - Customer-1 trying to purchase a ticket
2024-12-04 23:19:53 [Customer-2] INFO  org.example.TicketPool - Ticket{ticketId=15, eventName='Simple Event', ticketPrice=1000} purchased by Customer-2
2024-12-04 23:19:53 [Customer-1] INFO  org.example.TicketPool - Ticket{ticketId=16, eventName='Simple Event', ticketPrice=1000} purchased by Customer-1
2024-12-04 23:19:55 [Customer-2] INFO  org.example.Customer - Customer-2 trying to purchase a ticket
2024-12-04 23:19:55 [Customer-1] INFO  org.example.Customer - Customer-1 trying to purchase a ticket
2024-12-04 23:34:06 [Customer-2] INFO  org.example.Customer - Customer-2 trying to purchase a ticket
2024-12-04 23:34:06 [Customer-1] INFO  org.example.Customer - Customer-1 trying to purchase a ticket
2024-12-04 23:34:06 [Vendor-1] INFO  org.example.TicketPool - Ticket{ticketId=1, eventName='Simple Event', ticketPrice=1000} added to ticket pool by Vendor-1
2024-12-04 23:34:06 [Vendor-3] INFO  org.example.TicketPool - Ticket{ticketId=3, eventName='Simple Event', ticketPrice=1000} added to ticket pool by Vendor-3
2024-12-04 23:34:06 [Vendor-2] INFO  org.example.TicketPool - Ticket{ticketId=2, eventName='Simple Event', ticketPrice=1000} added to ticket pool by Vendor-2
2024-12-04 23:34:06 [Vendor-3] INFO  org.example.Vendor - V003 released a ticket. Total released by this vendor: 0. Total tickets overall: 3
2024-12-04 23:34:06 [Vendor-2] INFO  org.example.Vendor - V002 released a ticket. Total released by this vendor: 0. Total tickets overall: 3
2024-12-04 23:34:06 [Customer-2] INFO  org.example.TicketPool - Ticket{ticketId=1, eventName='Simple Event', ticketPrice=1000} purchased by Customer-2
2024-12-04 23:34:06 [Vendor-1] INFO  org.example.Vendor - V001 released a ticket. Total released by this vendor: 0. Total tickets overall: 3
2024-12-04 23:34:06 [Customer-1] INFO  org.example.TicketPool - Ticket{ticketId=3, eventName='Simple Event', ticketPrice=1000} purchased by Customer-1
2024-12-04 23:34:07 [Vendor-3] INFO  org.example.TicketPool - Ticket{ticketId=6, eventName='Simple Event', ticketPrice=1000} added to ticket pool by Vendor-3
2024-12-04 23:34:07 [Vendor-3] INFO  org.example.Vendor - V003 released a ticket. Total released by this vendor: 1. Total tickets overall: 6
2024-12-04 23:34:07 [Vendor-2] INFO  org.example.TicketPool - Ticket{ticketId=5, eventName='Simple Event', ticketPrice=1000} added to ticket pool by Vendor-2
2024-12-04 23:34:07 [Vendor-2] INFO  org.example.Vendor - V002 released a ticket. Total released by this vendor: 1. Total tickets overall: 6
2024-12-04 23:34:07 [Vendor-1] INFO  org.example.TicketPool - Ticket{ticketId=4, eventName='Simple Event', ticketPrice=1000} added to ticket pool by Vendor-1
2024-12-04 23:34:07 [Vendor-1] INFO  org.example.Vendor - V001 released a ticket. Total released by this vendor: 1. Total tickets overall: 6
2024-12-04 23:34:08 [Customer-2] INFO  org.example.Customer - Customer-2 trying to purchase a ticket
2024-12-04 23:34:08 [Customer-1] INFO  org.example.Customer - Customer-1 trying to purchase a ticket
2024-12-04 23:34:08 [Customer-2] INFO  org.example.TicketPool - Ticket{ticketId=2, eventName='Simple Event', ticketPrice=1000} purchased by Customer-2
2024-12-04 23:34:08 [Customer-1] INFO  org.example.TicketPool - Ticket{ticketId=6, eventName='Simple Event', ticketPrice=1000} purchased by Customer-1
2024-12-04 23:34:08 [Vendor-3] INFO  org.example.TicketPool - Ticket{ticketId=7, eventName='Simple Event', ticketPrice=1000} added to ticket pool by Vendor-3
2024-12-04 23:34:08 [Vendor-3] INFO  org.example.Vendor - V003 released a ticket. Total released by this vendor: 2. Total tickets overall: 7
2024-12-04 23:34:08 [Vendor-1] INFO  org.example.TicketPool - Ticket{ticketId=8, eventName='Simple Event', ticketPrice=1000} added to ticket pool by Vendor-1
2024-12-04 23:34:08 [Vendor-1] INFO  org.example.Vendor - V001 released a ticket. Total released by this vendor: 2. Total tickets overall: 8
2024-12-04 23:34:08 [Vendor-2] INFO  org.example.TicketPool - Ticket{ticketId=9, eventName='Simple Event', ticketPrice=1000} added to ticket pool by Vendor-2
2024-12-04 23:34:08 [Vendor-2] INFO  org.example.Vendor - V002 released a ticket. Total released by this vendor: 2. Total tickets overall: 9
2024-12-04 23:34:10 [Customer-2] INFO  org.example.Customer - Customer-2 trying to purchase a ticket
2024-12-04 23:34:10 [Customer-1] INFO  org.example.Customer - Customer-1 trying to purchase a ticket
2024-12-04 23:34:10 [Customer-2] INFO  org.example.TicketPool - Ticket{ticketId=5, eventName='Simple Event', ticketPrice=1000} purchased by Customer-2
2024-12-04 23:34:10 [Customer-1] INFO  org.example.TicketPool - Ticket{ticketId=4, eventName='Simple Event', ticketPrice=1000} purchased by Customer-1
2024-12-04 23:34:10 [Vendor-3] INFO  org.example.TicketPool - Ticket{ticketId=10, eventName='Simple Event', ticketPrice=1000} added to ticket pool by Vendor-3
2024-12-04 23:34:10 [Vendor-3] INFO  org.example.Vendor - V003 released a ticket. Total released by this vendor: 3. Total tickets overall: 12
2024-12-04 23:34:10 [Vendor-2] INFO  org.example.TicketPool - Ticket{ticketId=11, eventName='Simple Event', ticketPrice=1000} added to ticket pool by Vendor-2
2024-12-04 23:34:10 [Vendor-2] INFO  org.example.Vendor - V002 released a ticket. Total released by this vendor: 3. Total tickets overall: 12
2024-12-04 23:34:12 [Customer-2] INFO  org.example.Customer - Customer-2 trying to purchase a ticket
2024-12-04 23:34:12 [Customer-2] INFO  org.example.TicketPool - Ticket{ticketId=7, eventName='Simple Event', ticketPrice=1000} purchased by Customer-2
2024-12-04 23:34:12 [Customer-1] INFO  org.example.Customer - Customer-1 trying to purchase a ticket
2024-12-04 23:34:12 [Vendor-1] INFO  org.example.TicketPool - Ticket{ticketId=12, eventName='Simple Event', ticketPrice=1000} added to ticket pool by Vendor-1
2024-12-04 23:34:12 [Vendor-1] INFO  org.example.Vendor - V001 released a ticket. Total released by this vendor: 3. Total tickets overall: 14
2024-12-04 23:34:12 [Customer-1] INFO  org.example.TicketPool - Ticket{ticketId=8, eventName='Simple Event', ticketPrice=1000} purchased by Customer-1
2024-12-04 23:34:12 [Vendor-3] INFO  org.example.TicketPool - Ticket{ticketId=13, eventName='Simple Event', ticketPrice=1000} added to ticket pool by Vendor-3
2024-12-04 23:34:12 [Vendor-3] INFO  org.example.Vendor - V003 released a ticket. Total released by this vendor: 4. Total tickets overall: 14
2024-12-04 23:34:14 [Customer-2] INFO  org.example.Customer - Customer-2 trying to purchase a ticket
2024-12-04 23:34:14 [Customer-1] INFO  org.example.Customer - Customer-1 trying to purchase a ticket
2024-12-04 23:34:14 [Customer-2] INFO  org.example.TicketPool - Ticket{ticketId=9, eventName='Simple Event', ticketPrice=1000} purchased by Customer-2
2024-12-04 23:34:14 [Customer-1] INFO  org.example.TicketPool - Ticket{ticketId=10, eventName='Simple Event', ticketPrice=1000} purchased by Customer-1
2024-12-04 23:34:14 [Vendor-2] INFO  org.example.TicketPool - Ticket{ticketId=14, eventName='Simple Event', ticketPrice=1000} added to ticket pool by Vendor-2
2024-12-04 23:34:14 [Vendor-2] INFO  org.example.Vendor - V002 released a ticket. Total released by this vendor: 4. Total tickets overall: 16
2024-12-04 23:34:14 [Vendor-3] INFO  org.example.TicketPool - Ticket{ticketId=15, eventName='Simple Event', ticketPrice=1000} added to ticket pool by Vendor-3
2024-12-04 23:34:14 [Vendor-3] INFO  org.example.Vendor - V003 released a ticket. Total released by this vendor: 5. Total tickets overall: 16
2024-12-04 23:34:16 [Customer-2] INFO  org.example.Customer - Customer-2 trying to purchase a ticket
2024-12-04 23:34:16 [Customer-1] INFO  org.example.Customer - Customer-1 trying to purchase a ticket
2024-12-04 23:34:16 [Customer-2] INFO  org.example.TicketPool - Ticket{ticketId=11, eventName='Simple Event', ticketPrice=1000} purchased by Customer-2
2024-12-04 23:34:16 [Customer-1] INFO  org.example.TicketPool - Ticket{ticketId=12, eventName='Simple Event', ticketPrice=1000} purchased by Customer-1
2024-12-04 23:34:16 [Vendor-1] INFO  org.example.TicketPool - Ticket{ticketId=16, eventName='Simple Event', ticketPrice=1000} added to ticket pool by Vendor-1
2024-12-04 23:34:16 [Vendor-1] INFO  org.example.Vendor - V001 released a ticket. Total released by this vendor: 4. Total tickets overall: 18
2024-12-04 23:34:18 [Customer-1] INFO  org.example.Customer - Customer-1 trying to purchase a ticket
2024-12-04 23:34:18 [Customer-2] INFO  org.example.Customer - Customer-2 trying to purchase a ticket
2024-12-04 23:34:18 [Customer-1] INFO  org.example.TicketPool - Ticket{ticketId=13, eventName='Simple Event', ticketPrice=1000} purchased by Customer-1
2024-12-04 23:34:18 [Customer-2] INFO  org.example.TicketPool - Ticket{ticketId=14, eventName='Simple Event', ticketPrice=1000} purchased by Customer-2
2024-12-04 23:34:20 [Customer-2] INFO  org.example.Customer - Customer-2 trying to purchase a ticket
2024-12-04 23:34:20 [Customer-2] INFO  org.example.TicketPool - Ticket{ticketId=15, eventName='Simple Event', ticketPrice=1000} purchased by Customer-2
2024-12-04 23:34:20 [Customer-1] INFO  org.example.Customer - Customer-1 trying to purchase a ticket
2024-12-04 23:34:20 [Customer-1] INFO  org.example.TicketPool - Ticket{ticketId=16, eventName='Simple Event', ticketPrice=1000} purchased by Customer-1
2024-12-04 23:34:22 [Customer-1] INFO  org.example.Customer - Customer-1 trying to purchase a ticket
2024-12-04 23:34:22 [Customer-2] INFO  org.example.Customer - Customer-2 trying to purchase a ticket
2024-12-04 23:51:34 [Customer-2] INFO  org.example.Customer - Customer-2 trying to purchase a ticket
2024-12-04 23:51:34 [Customer-1] INFO  org.example.Customer - Customer-1 trying to purchase a ticket
2024-12-04 23:51:34 [Vendor-3] INFO  org.example.TicketPool - Ticket{ticketId=3, eventName='Simple Event', ticketPrice=1000} added to ticket pool by Vendor-3
2024-12-04 23:51:34 [Vendor-1] INFO  org.example.TicketPool - Ticket{ticketId=1, eventName='Simple Event', ticketPrice=1000} added to ticket pool by Vendor-1
2024-12-04 23:51:34 [Vendor-2] INFO  org.example.TicketPool - Ticket{ticketId=2, eventName='Simple Event', ticketPrice=1000} added to ticket pool by Vendor-2
2024-12-04 23:51:34 [Vendor-2] INFO  org.example.Vendor - V002 released a ticket. Total released by this vendor: 0. Total tickets overall: 3
2024-12-04 23:51:34 [Vendor-3] INFO  org.example.Vendor - V003 released a ticket. Total released by this vendor: 0. Total tickets overall: 3
2024-12-04 23:51:34 [Vendor-1] INFO  org.example.Vendor - V001 released a ticket. Total released by this vendor: 0. Total tickets overall: 3
2024-12-04 23:51:34 [Customer-2] INFO  org.example.TicketPool - Ticket{ticketId=3, eventName='Simple Event', ticketPrice=1000} purchased by Customer-2
2024-12-04 23:51:34 [Customer-1] INFO  org.example.TicketPool - Ticket{ticketId=1, eventName='Simple Event', ticketPrice=1000} purchased by Customer-1
2024-12-04 23:51:35 [Vendor-3] INFO  org.example.TicketPool - Ticket{ticketId=5, eventName='Simple Event', ticketPrice=1000} added to ticket pool by Vendor-3
2024-12-04 23:51:35 [Vendor-3] INFO  org.example.Vendor - V003 released a ticket. Total released by this vendor: 1. Total tickets overall: 6
2024-12-04 23:51:35 [Vendor-2] INFO  org.example.TicketPool - Ticket{ticketId=6, eventName='Simple Event', ticketPrice=1000} added to ticket pool by Vendor-2
2024-12-04 23:51:35 [Vendor-2] INFO  org.example.Vendor - V002 released a ticket. Total released by this vendor: 1. Total tickets overall: 6
2024-12-04 23:51:35 [Vendor-1] INFO  org.example.TicketPool - Ticket{ticketId=4, eventName='Simple Event', ticketPrice=1000} added to ticket pool by Vendor-1
2024-12-04 23:51:35 [Vendor-1] INFO  org.example.Vendor - V001 released a ticket. Total released by this vendor: 1. Total tickets overall: 6
2024-12-04 23:51:36 [Customer-2] INFO  org.example.Customer - Customer-2 trying to purchase a ticket
2024-12-04 23:51:36 [Customer-1] INFO  org.example.Customer - Customer-1 trying to purchase a ticket
2024-12-04 23:51:36 [Customer-2] INFO  org.example.TicketPool - Ticket{ticketId=2, eventName='Simple Event', ticketPrice=1000} purchased by Customer-2
2024-12-04 23:51:36 [Customer-1] INFO  org.example.TicketPool - Ticket{ticketId=5, eventName='Simple Event', ticketPrice=1000} purchased by Customer-1
2024-12-04 23:51:36 [Vendor-2] INFO  org.example.TicketPool - Ticket{ticketId=7, eventName='Simple Event', ticketPrice=1000} added to ticket pool by Vendor-2
2024-12-04 23:51:36 [Vendor-2] INFO  org.example.Vendor - V002 released a ticket. Total released by this vendor: 2. Total tickets overall: 7
2024-12-04 23:51:36 [Vendor-3] INFO  org.example.TicketPool - Ticket{ticketId=8, eventName='Simple Event', ticketPrice=1000} added to ticket pool by Vendor-3
2024-12-04 23:51:36 [Vendor-3] INFO  org.example.Vendor - V003 released a ticket. Total released by this vendor: 2. Total tickets overall: 8
2024-12-04 23:51:36 [Vendor-1] INFO  org.example.TicketPool - Ticket{ticketId=9, eventName='Simple Event', ticketPrice=1000} added to ticket pool by Vendor-1
2024-12-04 23:51:36 [Vendor-1] INFO  org.example.Vendor - V001 released a ticket. Total released by this vendor: 2. Total tickets overall: 9
2024-12-04 23:51:38 [Customer-1] INFO  org.example.Customer - Customer-1 trying to purchase a ticket
2024-12-04 23:51:38 [Customer-2] INFO  org.example.Customer - Customer-2 trying to purchase a ticket
2024-12-04 23:51:38 [Customer-1] INFO  org.example.TicketPool - Ticket{ticketId=6, eventName='Simple Event', ticketPrice=1000} purchased by Customer-1
2024-12-04 23:51:38 [Customer-2] INFO  org.example.TicketPool - Ticket{ticketId=4, eventName='Simple Event', ticketPrice=1000} purchased by Customer-2
2024-12-04 23:51:38 [Vendor-2] INFO  org.example.TicketPool - Ticket{ticketId=10, eventName='Simple Event', ticketPrice=1000} added to ticket pool by Vendor-2
2024-12-04 23:51:38 [Vendor-2] INFO  org.example.Vendor - V002 released a ticket. Total released by this vendor: 3. Total tickets overall: 12
2024-12-04 23:51:38 [Vendor-3] INFO  org.example.TicketPool - Ticket{ticketId=12, eventName='Simple Event', ticketPrice=1000} added to ticket pool by Vendor-3
2024-12-04 23:51:38 [Vendor-3] INFO  org.example.Vendor - V003 released a ticket. Total released by this vendor: 3. Total tickets overall: 12
2024-12-04 23:51:40 [Customer-1] INFO  org.example.Customer - Customer-1 trying to purchase a ticket
2024-12-04 23:51:40 [Customer-2] INFO  org.example.Customer - Customer-2 trying to purchase a ticket
2024-12-04 23:51:40 [Customer-1] INFO  org.example.TicketPool - Ticket{ticketId=7, eventName='Simple Event', ticketPrice=1000} purchased by Customer-1
2024-12-04 23:51:40 [Customer-2] INFO  org.example.TicketPool - Ticket{ticketId=8, eventName='Simple Event', ticketPrice=1000} purchased by Customer-2
2024-12-04 23:51:40 [Vendor-1] INFO  org.example.TicketPool - Ticket{ticketId=11, eventName='Simple Event', ticketPrice=1000} added to ticket pool by Vendor-1
2024-12-04 23:51:40 [Vendor-1] INFO  org.example.Vendor - V001 released a ticket. Total released by this vendor: 3. Total tickets overall: 14
2024-12-04 23:51:40 [Vendor-3] INFO  org.example.TicketPool - Ticket{ticketId=13, eventName='Simple Event', ticketPrice=1000} added to ticket pool by Vendor-3
2024-12-04 23:51:40 [Vendor-3] INFO  org.example.Vendor - V003 released a ticket. Total released by this vendor: 4. Total tickets overall: 14
2024-12-04 23:51:42 [Customer-1] INFO  org.example.Customer - Customer-1 trying to purchase a ticket
2024-12-04 23:51:42 [Customer-1] INFO  org.example.TicketPool - Ticket{ticketId=9, eventName='Simple Event', ticketPrice=1000} purchased by Customer-1
2024-12-04 23:51:42 [Vendor-2] INFO  org.example.TicketPool - Ticket{ticketId=14, eventName='Simple Event', ticketPrice=1000} added to ticket pool by Vendor-2
2024-12-04 23:51:42 [Vendor-2] INFO  org.example.Vendor - V002 released a ticket. Total released by this vendor: 4. Total tickets overall: 16
2024-12-04 23:51:42 [Customer-2] INFO  org.example.Customer - Customer-2 trying to purchase a ticket
2024-12-04 23:51:42 [Customer-2] INFO  org.example.TicketPool - Ticket{ticketId=10, eventName='Simple Event', ticketPrice=1000} purchased by Customer-2
2024-12-04 23:51:42 [Vendor-1] INFO  org.example.TicketPool - Ticket{ticketId=15, eventName='Simple Event', ticketPrice=1000} added to ticket pool by Vendor-1
2024-12-04 23:51:42 [Vendor-1] INFO  org.example.Vendor - V001 released a ticket. Total released by this vendor: 4. Total tickets overall: 16
2024-12-04 23:51:44 [Customer-1] INFO  org.example.Customer - Customer-1 trying to purchase a ticket
2024-12-04 23:51:44 [Customer-1] INFO  org.example.TicketPool - Ticket{ticketId=12, eventName='Simple Event', ticketPrice=1000} purchased by Customer-1
2024-12-04 23:51:44 [Vendor-3] INFO  org.example.TicketPool - Ticket{ticketId=16, eventName='Simple Event', ticketPrice=1000} added to ticket pool by Vendor-3
2024-12-04 23:51:44 [Vendor-3] INFO  org.example.Vendor - V003 released a ticket. Total released by this vendor: 5. Total tickets overall: 18
2024-12-04 23:51:44 [Customer-2] INFO  org.example.Customer - Customer-2 trying to purchase a ticket
2024-12-04 23:51:44 [Customer-2] INFO  org.example.TicketPool - Ticket{ticketId=11, eventName='Simple Event', ticketPrice=1000} purchased by Customer-2
2024-12-04 23:51:46 [Customer-1] INFO  org.example.Customer - Customer-1 trying to purchase a ticket
2024-12-04 23:51:46 [Customer-1] INFO  org.example.TicketPool - Ticket{ticketId=13, eventName='Simple Event', ticketPrice=1000} purchased by Customer-1
2024-12-04 23:51:46 [Customer-2] INFO  org.example.Customer - Customer-2 trying to purchase a ticket
2024-12-04 23:51:46 [Customer-2] INFO  org.example.TicketPool - Ticket{ticketId=14, eventName='Simple Event', ticketPrice=1000} purchased by Customer-2
2024-12-04 23:51:48 [Customer-1] INFO  org.example.Customer - Customer-1 trying to purchase a ticket
2024-12-04 23:51:48 [Customer-1] INFO  org.example.TicketPool - Ticket{ticketId=15, eventName='Simple Event', ticketPrice=1000} purchased by Customer-1
2024-12-04 23:51:48 [Customer-2] INFO  org.example.Customer - Customer-2 trying to purchase a ticket
2024-12-04 23:51:48 [Customer-2] INFO  org.example.TicketPool - Ticket{ticketId=16, eventName='Simple Event', ticketPrice=1000} purchased by Customer-2
2024-12-06 13:44:34 [Customer-1] INFO  org.example.Customer - Customer-1 trying to purchase a ticket
2024-12-06 13:44:34 [Vendor-1] INFO  org.example.TicketPool - Ticket{ticketId=1, eventName='Simple Event', ticketPrice=1000} added to ticket pool by Vendor-1
2024-12-06 13:44:34 [Vendor-2] INFO  org.example.TicketPool - Ticket{ticketId=2, eventName='Simple Event', ticketPrice=1000} added to ticket pool by Vendor-2
2024-12-06 13:44:34 [Vendor-3] INFO  org.example.TicketPool - Ticket{ticketId=3, eventName='Simple Event', ticketPrice=1000} added to ticket pool by Vendor-3
2024-12-06 13:44:34 [Vendor-1] INFO  org.example.Vendor - V001 released a ticket. Total released by this vendor: 0. Total tickets overall: 3
2024-12-06 13:44:34 [Vendor-3] INFO  org.example.Vendor - V003 released a ticket. Total released by this vendor: 0. Total tickets overall: 3
2024-12-06 13:44:34 [Vendor-2] INFO  org.example.Vendor - V002 released a ticket. Total released by this vendor: 0. Total tickets overall: 3
2024-12-06 13:44:34 [Customer-1] INFO  org.example.TicketPool - Ticket{ticketId=1, eventName='Simple Event', ticketPrice=1000} purchased by Customer-1
2024-12-06 13:44:35 [Vendor-2] INFO  org.example.TicketPool - Ticket{ticketId=4, eventName='Simple Event', ticketPrice=1000} added to ticket pool by Vendor-2
2024-12-06 13:44:35 [Vendor-2] INFO  org.example.Vendor - V002 released a ticket. Total released by this vendor: 1. Total tickets overall: 5
2024-12-06 13:44:35 [Vendor-1] INFO  org.example.TicketPool - Ticket{ticketId=5, eventName='Simple Event', ticketPrice=1000} added to ticket pool by Vendor-1
2024-12-06 13:44:35 [Vendor-1] INFO  org.example.Vendor - V001 released a ticket. Total released by this vendor: 1. Total tickets overall: 5
2024-12-06 13:44:35 [Vendor-3] INFO  org.example.TicketPool - Ticket{ticketId=6, eventName='Simple Event', ticketPrice=1000} added to ticket pool by Vendor-3
2024-12-06 13:44:35 [Vendor-3] INFO  org.example.Vendor - V003 released a ticket. Total released by this vendor: 1. Total tickets overall: 6
2024-12-06 13:44:36 [Customer-1] INFO  org.example.Customer - Customer-1 trying to purchase a ticket
2024-12-06 13:44:36 [Customer-1] INFO  org.example.TicketPool - Ticket{ticketId=2, eventName='Simple Event', ticketPrice=1000} purchased by Customer-1
2024-12-06 13:44:36 [Vendor-2] INFO  org.example.TicketPool - Ticket{ticketId=7, eventName='Simple Event', ticketPrice=1000} added to ticket pool by Vendor-2
2024-12-06 13:44:36 [Vendor-2] INFO  org.example.Vendor - V002 released a ticket. Total released by this vendor: 2. Total tickets overall: 7
2024-12-06 13:44:38 [Customer-1] INFO  org.example.Customer - Customer-1 trying to purchase a ticket
2024-12-06 13:44:38 [Customer-1] INFO  org.example.TicketPool - Ticket{ticketId=3, eventName='Simple Event', ticketPrice=1000} purchased by Customer-1
2024-12-06 13:44:38 [Vendor-1] INFO  org.example.TicketPool - Ticket{ticketId=8, eventName='Simple Event', ticketPrice=1000} added to ticket pool by Vendor-1
2024-12-06 13:44:38 [Vendor-1] INFO  org.example.Vendor - V001 released a ticket. Total released by this vendor: 2. Total tickets overall: 10
2024-12-06 13:44:40 [Customer-1] INFO  org.example.Customer - Customer-1 trying to purchase a ticket
2024-12-06 13:44:40 [Customer-1] INFO  org.example.TicketPool - Ticket{ticketId=4, eventName='Simple Event', ticketPrice=1000} purchased by Customer-1
2024-12-06 13:44:40 [Vendor-3] INFO  org.example.TicketPool - Ticket{ticketId=9, eventName='Simple Event', ticketPrice=1000} added to ticket pool by Vendor-3
2024-12-06 13:44:40 [Vendor-3] INFO  org.example.Vendor - V003 released a ticket. Total released by this vendor: 2. Total tickets overall: 11
2024-12-06 13:44:42 [Customer-1] INFO  org.example.Customer - Customer-1 trying to purchase a ticket
2024-12-06 13:44:42 [Customer-1] INFO  org.example.TicketPool - Ticket{ticketId=5, eventName='Simple Event', ticketPrice=1000} purchased by Customer-1
2024-12-06 13:44:42 [Vendor-2] INFO  org.example.TicketPool - Ticket{ticketId=10, eventName='Simple Event', ticketPrice=1000} added to ticket pool by Vendor-2
2024-12-06 13:44:42 [Vendor-2] INFO  org.example.Vendor - V002 released a ticket. Total released by this vendor: 3. Total tickets overall: 12
2024-12-06 13:44:44 [Customer-1] INFO  org.example.Customer - Customer-1 trying to purchase a ticket
2024-12-06 13:44:44 [Customer-1] INFO  org.example.TicketPool - Ticket{ticketId=6, eventName='Simple Event', ticketPrice=1000} purchased by Customer-1
2024-12-06 13:44:44 [Vendor-1] INFO  org.example.TicketPool - Ticket{ticketId=11, eventName='Simple Event', ticketPrice=1000} added to ticket pool by Vendor-1
2024-12-06 13:44:44 [Vendor-1] INFO  org.example.Vendor - V001 released a ticket. Total released by this vendor: 3. Total tickets overall: 13
2024-12-06 13:44:46 [Customer-1] INFO  org.example.Customer - Customer-1 trying to purchase a ticket
2024-12-06 13:44:46 [Customer-1] INFO  org.example.TicketPool - Ticket{ticketId=7, eventName='Simple Event', ticketPrice=1000} purchased by Customer-1
2024-12-06 13:44:46 [Vendor-3] INFO  org.example.TicketPool - Ticket{ticketId=12, eventName='Simple Event', ticketPrice=1000} added to ticket pool by Vendor-3
2024-12-06 13:44:46 [Vendor-3] INFO  org.example.Vendor - V003 released a ticket. Total released by this vendor: 3. Total tickets overall: 14
2024-12-06 13:44:48 [Customer-1] INFO  org.example.Customer - Customer-1 trying to purchase a ticket
2024-12-06 13:44:48 [Customer-1] INFO  org.example.TicketPool - Ticket{ticketId=8, eventName='Simple Event', ticketPrice=1000} purchased by Customer-1
2024-12-06 13:44:48 [Vendor-2] INFO  org.example.TicketPool - Ticket{ticketId=13, eventName='Simple Event', ticketPrice=1000} added to ticket pool by Vendor-2
2024-12-06 13:44:48 [Vendor-2] INFO  org.example.Vendor - V002 released a ticket. Total released by this vendor: 4. Total tickets overall: 15
2024-12-06 13:44:50 [Customer-1] INFO  org.example.Customer - Customer-1 trying to purchase a ticket
2024-12-06 13:44:50 [Customer-1] INFO  org.example.TicketPool - Ticket{ticketId=9, eventName='Simple Event', ticketPrice=1000} purchased by Customer-1
2024-12-06 13:44:50 [Vendor-1] INFO  org.example.TicketPool - Ticket{ticketId=14, eventName='Simple Event', ticketPrice=1000} added to ticket pool by Vendor-1
2024-12-06 13:44:50 [Vendor-1] INFO  org.example.Vendor - V001 released a ticket. Total released by this vendor: 4. Total tickets overall: 16
2024-12-06 13:44:52 [Customer-1] INFO  org.example.Customer - Customer-1 trying to purchase a ticket
2024-12-06 13:44:52 [Customer-1] INFO  org.example.TicketPool - Ticket{ticketId=10, eventName='Simple Event', ticketPrice=1000} purchased by Customer-1
2024-12-06 13:44:52 [Vendor-3] INFO  org.example.TicketPool - Ticket{ticketId=15, eventName='Simple Event', ticketPrice=1000} added to ticket pool by Vendor-3
2024-12-06 13:44:52 [Vendor-3] INFO  org.example.Vendor - V003 released a ticket. Total released by this vendor: 4. Total tickets overall: 17
2024-12-06 13:44:54 [Customer-1] INFO  org.example.Customer - Customer-1 trying to purchase a ticket
2024-12-06 13:44:54 [Customer-1] INFO  org.example.TicketPool - Ticket{ticketId=11, eventName='Simple Event', ticketPrice=1000} purchased by Customer-1
2024-12-06 13:44:54 [Vendor-2] INFO  org.example.TicketPool - Ticket{ticketId=16, eventName='Simple Event', ticketPrice=1000} added to ticket pool by Vendor-2
2024-12-06 13:44:54 [Vendor-2] INFO  org.example.Vendor - V002 released a ticket. Total released by this vendor: 5. Total tickets overall: 18
2024-12-06 13:44:56 [Customer-1] INFO  org.example.Customer - Customer-1 trying to purchase a ticket
2024-12-06 13:44:56 [Customer-1] INFO  org.example.TicketPool - Ticket{ticketId=12, eventName='Simple Event', ticketPrice=1000} purchased by Customer-1
2024-12-06 13:44:58 [Customer-1] INFO  org.example.Customer - Customer-1 trying to purchase a ticket
2024-12-06 13:44:58 [Customer-1] INFO  org.example.TicketPool - Ticket{ticketId=13, eventName='Simple Event', ticketPrice=1000} purchased by Customer-1
2024-12-06 13:45:00 [Customer-1] INFO  org.example.Customer - Customer-1 trying to purchase a ticket
2024-12-06 13:45:00 [Customer-1] INFO  org.example.TicketPool - Ticket{ticketId=14, eventName='Simple Event', ticketPrice=1000} purchased by Customer-1
2024-12-06 13:45:02 [Customer-1] INFO  org.example.Customer - Customer-1 trying to purchase a ticket
2024-12-06 13:45:02 [Customer-1] INFO  org.example.TicketPool - Ticket{ticketId=15, eventName='Simple Event', ticketPrice=1000} purchased by Customer-1
2024-12-06 13:45:04 [Customer-1] INFO  org.example.Customer - Customer-1 trying to purchase a ticket
2024-12-06 13:45:04 [Customer-1] INFO  org.example.TicketPool - Ticket{ticketId=16, eventName='Simple Event', ticketPrice=1000} purchased by Customer-1
